<?xml version="1.0" encoding="UTF-8"?>
<testng-results ignored="0" total="7" passed="7" failed="0" skipped="0">
  <reporter-output>
  </reporter-output>
  <suite started-at="2023-08-31T13:50:15Z" name="Default suite" finished-at="2023-08-31T13:50:17Z" duration-ms="1855">
    <groups>
    </groups>
    <test started-at="2023-08-31T13:50:15Z" name="Default test" finished-at="2023-08-31T13:50:17Z" duration-ms="1855">
      <class name="restassured.AllTests">
        <test-method signature="TC01_getallEmployee()[pri:0, instance:restassured.AllTests@17d88132]" started-at="2023-08-31T13:50:15Z" name="TC01_getallEmployee" finished-at="2023-08-31T13:50:16Z" duration-ms="1354" status="PASS">
          <reporter-output>
          </reporter-output>
        </test-method> <!-- TC01_getallEmployee -->
        <test-method signature="TC02_postEmployee()[pri:0, instance:restassured.AllTests@17d88132]" started-at="2023-08-31T13:50:16Z" name="TC02_postEmployee" finished-at="2023-08-31T13:50:16Z" duration-ms="327" status="PASS">
          <reporter-output>
          </reporter-output>
        </test-method> <!-- TC02_postEmployee -->
        <test-method signature="TC03_updateEmployee()[pri:0, instance:restassured.AllTests@17d88132]" started-at="2023-08-31T13:50:16Z" name="TC03_updateEmployee" finished-at="2023-08-31T13:50:17Z" duration-ms="41" status="PASS">
          <reporter-output>
          </reporter-output>
        </test-method> <!-- TC03_updateEmployee -->
        <test-method signature="TC04_getSingleEmployee()[pri:0, instance:restassured.AllTests@17d88132]" started-at="2023-08-31T13:50:17Z" name="TC04_getSingleEmployee" finished-at="2023-08-31T13:50:17Z" duration-ms="32" status="PASS">
          <reporter-output>
          </reporter-output>
        </test-method> <!-- TC04_getSingleEmployee -->
        <test-method signature="TC05_deleteEmployee()[pri:0, instance:restassured.AllTests@17d88132]" started-at="2023-08-31T13:50:17Z" name="TC05_deleteEmployee" finished-at="2023-08-31T13:50:17Z" duration-ms="30" status="PASS">
          <reporter-output>
          </reporter-output>
        </test-method> <!-- TC05_deleteEmployee -->
        <test-method signature="TC06_getSingleEmployee()[pri:0, instance:restassured.AllTests@17d88132]" started-at="2023-08-31T13:50:17Z" name="TC06_getSingleEmployee" finished-at="2023-08-31T13:50:17Z" duration-ms="21" status="PASS">
          <reporter-output>
          </reporter-output>
        </test-method> <!-- TC06_getSingleEmployee -->
        <test-method signature="TC07_allgetEmployee()[pri:0, instance:restassured.AllTests@17d88132]" started-at="2023-08-31T13:50:17Z" name="TC07_allgetEmployee" finished-at="2023-08-31T13:50:17Z" duration-ms="31" status="PASS">
          <reporter-output>
          </reporter-output>
        </test-method> <!-- TC07_allgetEmployee -->
      </class> <!-- restassured.AllTests -->
    </test> <!-- Default test -->
  </suite> <!-- Default suite -->
</testng-results>
